SF:/Users/gustavo/projects/neto/lib/src/core/router/utils.dart
DA:2,5
DA:3,7
DA:4,11
DA:8,13
DA:9,13
DA:10,13
DA:14,39
DA:16,16
LF:8
LH:8
end_of_record
SF:/Users/gustavo/projects/neto/lib/src/core/body/body.dart
DA:9,18
DA:36,1
DA:58,3
DA:61,1
DA:62,2
DA:63,1
DA:67,3
DA:72,4
DA:78,4
DA:87,1
DA:88,4
DA:115,1
DA:116,1
DA:117,2
LF:14
LH:14
end_of_record
SF:/Users/gustavo/projects/neto/lib/src/core/ctx.dart
DA:10,24
DA:11,24
DA:12,24
LF:3
LH:3
end_of_record
SF:/Users/gustavo/projects/neto/lib/src/core/ctx_extras.dart
DA:16,2
DA:17,4
DA:25,2
DA:26,4
DA:28,4
DA:30,2
DA:32,1
DA:33,2
DA:38,2
DA:39,4
DA:40,2
DA:43,4
DA:45,1
DA:46,2
DA:48,2
DA:50,0
DA:51,0
DA:56,1
DA:57,2
DA:58,1
DA:61,1
DA:62,1
DA:67,0
DA:70,1
DA:71,2
DA:73,2
DA:75,1
DA:76,0
DA:78,1
DA:80,1
DA:81,2
LF:31
LH:27
end_of_record
SF:/Users/gustavo/projects/neto/lib/src/core/ctx_request.dart
DA:12,13
DA:16,39
DA:24,4
DA:27,9
DA:31,9
DA:36,6
DA:47,30
DA:50,27
DA:53,8
DA:71,4
DA:86,4
DA:89,3
DA:92,20
DA:95,2
DA:103,2
DA:104,2
DA:105,1
DA:107,2
DA:108,1
DA:111,2
DA:112,4
DA:113,2
DA:114,1
DA:122,4
DA:123,4
DA:126,4
DA:127,16
DA:128,4
DA:129,12
DA:131,8
DA:132,4
DA:136,4
DA:137,12
DA:138,8
DA:142,2
DA:143,2
DA:146,2
DA:147,6
DA:148,8
DA:150,4
DA:151,2
DA:155,6
DA:159,2
DA:161,4
DA:162,2
DA:166,8
DA:169,8
DA:172,1
DA:174,5
DA:175,1
DA:176,2
DA:180,4
DA:183,4
DA:187,1
DA:188,1
DA:189,2
DA:190,1
DA:191,1
DA:192,1
DA:193,1
DA:194,2
DA:196,2
DA:197,2
DA:198,3
DA:199,1
DA:200,1
DA:201,1
DA:202,2
DA:203,3
DA:204,3
DA:211,1
DA:212,1
DA:213,2
DA:214,2
DA:217,1
DA:220,1
DA:221,1
DA:225,2
DA:226,1
DA:227,1
DA:228,1
DA:229,1
DA:232,1
DA:233,2
DA:235,2
DA:236,3
DA:238,1
DA:240,4
DA:241,1
DA:247,1
DA:252,1
DA:253,1
DA:255,2
DA:256,2
DA:257,2
DA:260,2
DA:261,2
DA:263,12
DA:266,2
DA:267,2
DA:269,12
DA:274,1
DA:275,1
DA:276,1
DA:278,2
DA:279,1
DA:280,1
DA:281,1
DA:282,3
DA:284,3
DA:285,2
DA:286,5
DA:287,3
DA:291,1
DA:292,1
DA:293,1
DA:294,1
DA:295,1
DA:296,2
DA:298,1
DA:306,1
DA:312,1
DA:314,2
DA:316,1
DA:318,1
DA:324,1
LF:126
LH:126
end_of_record
SF:/Users/gustavo/projects/neto/lib/src/core/ctx_response.dart
DA:10,12
DA:15,28
DA:18,2
DA:21,4
DA:24,4
DA:27,5
DA:40,3
DA:41,3
DA:42,3
DA:46,1
DA:47,1
DA:48,1
DA:49,1
DA:50,2
DA:54,8
DA:55,8
DA:56,8
DA:57,24
DA:58,16
DA:62,1
DA:63,1
DA:64,1
DA:65,3
DA:66,2
DA:70,3
DA:71,3
DA:72,3
DA:73,6
DA:74,9
DA:78,3
DA:84,3
DA:85,1
DA:88,3
DA:90,3
DA:91,3
DA:93,12
DA:94,12
DA:97,6
DA:99,2
DA:102,3
DA:104,3
DA:107,3
DA:108,6
DA:109,3
DA:110,3
DA:111,3
DA:114,3
DA:123,1
DA:124,1
DA:125,1
DA:126,1
DA:130,2
DA:133,2
DA:136,2
DA:139,6
DA:142,2
DA:145,2
DA:148,4
DA:152,1
DA:153,1
DA:154,2
DA:156,1
DA:159,1
DA:161,1
DA:164,1
DA:165,1
DA:166,1
DA:175,2
DA:178,2
DA:181,2
DA:184,2
DA:187,2
DA:190,2
DA:193,1
DA:194,1
DA:195,1
DA:196,2
DA:198,1
DA:207,0
DA:208,0
DA:211,6
DA:214,6
DA:218,10
DA:219,10
DA:220,10
DA:222,40
DA:224,37
DA:226,20
DA:228,46
DA:230,10
DA:232,6
DA:236,9
DA:238,24
DA:239,8
DA:240,8
DA:245,4
DA:247,3
DA:251,3
DA:252,3
DA:253,3
DA:257,10
DA:258,10
DA:259,11
DA:260,10
LF:104
LH:102
end_of_record
SF:/Users/gustavo/projects/neto/lib/src/core/hijack_exception.dart
DA:4,18
DA:6,1
LF:2
LH:2
end_of_record
SF:/Users/gustavo/projects/neto/lib/src/core/middleware/logger.dart
DA:24,1
DA:34,1
DA:63,1
DA:68,4
DA:71,6
DA:76,1
DA:77,1
DA:78,2
DA:82,1
DA:83,1
DA:84,1
DA:85,2
DA:86,3
DA:90,2
DA:94,3
DA:102,2
DA:103,1
DA:104,1
DA:109,2
DA:110,2
DA:111,2
DA:116,3
DA:117,2
DA:118,1
DA:119,2
DA:120,1
DA:129,1
DA:137,1
DA:147,2
DA:148,1
DA:192,1
DA:195,3
DA:198,1
DA:199,1
DA:201,3
DA:202,3
DA:203,1
DA:204,2
DA:205,1
DA:207,2
DA:208,1
DA:212,1
DA:214,1
DA:215,2
DA:216,1
DA:217,4
DA:218,1
DA:219,3
DA:220,1
DA:221,3
DA:222,1
DA:223,4
DA:224,1
DA:225,3
DA:226,1
DA:227,3
DA:228,1
DA:229,4
DA:230,1
DA:231,1
DA:232,6
DA:234,1
DA:235,4
DA:236,1
DA:237,1
DA:238,3
DA:240,1
DA:241,4
DA:242,1
DA:243,4
DA:244,1
DA:245,4
DA:246,1
DA:247,3
DA:248,1
DA:249,1
DA:250,3
DA:252,1
DA:253,4
DA:254,1
DA:255,2
DA:256,1
DA:257,1
DA:258,2
DA:259,1
DA:260,4
DA:261,1
DA:262,2
DA:263,1
DA:264,2
DA:265,1
DA:266,2
DA:268,1
DA:269,2
DA:270,4
DA:272,1
DA:273,2
DA:274,4
DA:275,1
DA:277,1
DA:278,2
DA:279,4
DA:286,1
DA:287,1
DA:288,1
DA:289,3
DA:293,1
DA:294,1
DA:295,1
DA:298,1
DA:299,0
DA:300,0
DA:301,0
DA:302,0
DA:305,1
DA:306,1
DA:310,1
DA:311,1
DA:314,1
DA:318,0
DA:320,0
DA:329,1
DA:330,1
DA:334,1
DA:336,2
DA:337,1
DA:339,2
DA:340,1
DA:343,3
DA:344,3
DA:346,1
DA:350,1
DA:351,2
DA:352,2
DA:360,3
DA:361,1
DA:363,4
DA:365,1
DA:367,4
DA:369,1
DA:371,4
DA:373,1
DA:375,4
DA:377,1
DA:379,4
DA:381,1
DA:383,4
DA:385,1
DA:386,3
DA:387,1
DA:388,1
DA:389,1
DA:390,1
DA:395,1
DA:403,1
DA:404,2
DA:405,2
DA:406,1
DA:409,1
LF:159
LH:153
end_of_record
SF:/Users/gustavo/projects/neto/lib/src/core/middleware_extensions.dart
DA:7,4
DA:8,12
LF:2
LH:2
end_of_record
SF:/Users/gustavo/projects/neto/lib/src/core/router/builder.dart
DA:17,13
DA:25,10
DA:26,11
DA:27,1
DA:28,4
DA:30,0
DA:34,10
DA:40,2
DA:41,4
DA:45,5
DA:46,5
DA:47,5
DA:49,3
DA:54,11
DA:59,11
DA:61,11
DA:64,40
DA:66,44
DA:70,0
DA:73,20
DA:76,2
DA:79,6
DA:82,0
DA:85,0
DA:88,0
DA:91,0
DA:94,0
DA:97,0
DA:100,2
DA:101,2
DA:103,2
DA:105,2
DA:106,1
DA:107,1
DA:111,1
DA:113,1
DA:115,2
DA:116,1
DA:117,1
DA:120,1
DA:124,1
DA:125,2
DA:126,1
DA:130,1
DA:131,1
DA:132,0
DA:135,2
DA:136,1
DA:141,4
DA:142,4
DA:143,4
DA:144,4
DA:145,3
DA:146,3
DA:148,6
DA:149,2
DA:150,4
DA:154,1
DA:157,1
DA:164,2
DA:169,2
DA:170,6
DA:172,4
DA:173,2
DA:175,2
DA:177,2
DA:179,2
DA:183,2
DA:184,2
DA:185,0
DA:186,0
DA:190,4
DA:195,1
DA:196,2
DA:198,1
DA:199,2
DA:202,0
DA:207,4
DA:208,2
DA:210,3
DA:211,1
DA:212,2
DA:214,2
DA:215,2
DA:216,2
DA:217,4
DA:220,6
DA:221,4
DA:223,6
DA:224,2
DA:228,4
DA:229,4
DA:238,6
DA:240,6
DA:241,4
DA:245,4
DA:246,2
DA:248,2
DA:253,2
DA:254,6
DA:257,2
DA:258,6
DA:263,6
DA:266,2
DA:267,4
DA:272,6
DA:277,2
DA:278,2
DA:280,2
DA:284,2
DA:291,2
DA:292,0
DA:293,0
DA:296,0
DA:299,0
DA:301,0
DA:303,2
DA:304,2
DA:309,2
DA:310,0
DA:312,2
DA:313,2
DA:320,2
DA:324,2
DA:328,2
DA:329,0
DA:332,2
DA:337,18
DA:342,2
DA:350,18
LF:130
LH:111
end_of_record
SF:/Users/gustavo/projects/neto/lib/src/core/router/group.dart
DA:8,4
DA:10,1
DA:18,2
DA:20,10
DA:24,1
DA:26,4
DA:27,2
LF:7
LH:7
end_of_record
SF:/Users/gustavo/projects/neto/lib/src/core/router/radix_tree.dart
DA:6,14
DA:13,33
DA:19,11
DA:33,12
DA:34,24
DA:35,24
DA:38,12
DA:39,12
DA:40,12
DA:41,2
DA:43,12
DA:47,12
DA:49,23
DA:50,22
DA:51,12
DA:54,2
DA:55,1
DA:56,2
DA:59,14
DA:64,12
DA:65,24
DA:66,24
DA:70,11
DA:71,22
DA:72,22
DA:76,2
DA:77,4
DA:78,2
DA:80,6
DA:81,2
DA:82,2
DA:89,11
DA:90,11
DA:91,44
DA:94,11
DA:97,62
DA:99,22
DA:100,22
DA:101,22
DA:103,10
DA:104,6
DA:106,9
DA:107,9
DA:108,3
DA:117,2
DA:118,2
DA:119,1
DA:122,2
DA:123,9
DA:125,4
DA:126,5
DA:127,2
DA:137,1
DA:138,2
DA:139,2
DA:142,1
DA:145,1
DA:146,3
DA:149,1
DA:151,1
DA:153,2
DA:154,2
DA:155,2
DA:164,12
DA:165,60
DA:169,1
DA:170,1
DA:172,1
DA:173,3
DA:174,3
DA:175,2
DA:176,2
DA:180,2
DA:181,1
LF:74
LH:74
end_of_record
SF:/Users/gustavo/projects/neto/lib/src/core/router/route_node.dart
DA:12,12
DA:22,1
DA:23,1
DA:25,2
DA:28,3
DA:29,1
DA:30,2
DA:33,3
DA:35,3
DA:38,2
LF:10
LH:10
end_of_record
SF:/Users/gustavo/projects/neto/lib/src/core/router/router.dart
DA:11,52
DA:18,10
DA:19,10
DA:20,10
DA:21,10
DA:23,20
DA:25,4
DA:28,30
DA:29,30
DA:35,2
DA:36,2
DA:37,4
DA:39,3
DA:40,2
DA:42,4
DA:46,20
DA:48,1
DA:50,1
DA:51,1
DA:52,3
DA:55,1
DA:56,2
DA:60,18
DA:66,10
DA:71,10
LF:25
LH:25
end_of_record
SF:/Users/gustavo/projects/neto/lib/src/netto/netto.dart
DA:15,18
DA:24,4
DA:27,2
DA:30,6
DA:33,2
DA:36,3
DA:39,3
DA:42,9
DA:45,0
DA:48,9
DA:51,0
DA:54,3
DA:57,0
DA:60,0
DA:63,0
DA:66,0
DA:69,0
DA:72,0
DA:75,3
DA:78,6
DA:81,1
DA:89,1
DA:90,1
DA:101,9
DA:102,63
DA:105,10
DA:106,2
DA:107,2
DA:108,3
DA:110,1
DA:112,2
DA:116,2
DA:120,8
DA:124,27
DA:126,18
DA:131,9
DA:134,27
DA:139,9
DA:144,9
DA:145,9
DA:148,7
DA:152,6
DA:153,6
DA:157,9
DA:158,36
DA:161,2
DA:165,4
DA:172,9
DA:173,9
DA:175,27
DA:176,3
DA:177,1
DA:178,1
DA:181,3
DA:182,3
DA:184,3
DA:187,6
DA:191,3
DA:197,9
DA:199,27
DA:201,3
DA:202,0
DA:208,3
DA:210,12
DA:214,3
DA:215,1
DA:216,2
DA:218,1
DA:223,1
DA:224,2
DA:229,4
DA:230,2
DA:234,0
DA:235,0
DA:236,0
DA:237,0
DA:242,2
DA:246,0
DA:247,0
DA:249,0
DA:250,0
DA:256,3
DA:257,6
DA:261,3
DA:262,6
DA:263,3
DA:268,6
DA:271,3
DA:272,12
LF:89
LH:72
end_of_record
SF:/Users/gustavo/projects/neto/lib/src/server/serve.dart
DA:22,9
DA:32,9
DA:33,0
DA:41,9
DA:46,1
DA:49,2
DA:56,9
DA:57,9
DA:58,9
DA:59,27
DA:61,0
DA:62,0
DA:68,0
DA:69,0
DA:70,0
DA:71,0
DA:80,9
DA:84,18
DA:85,0
DA:87,9
DA:92,9
DA:93,9
DA:96,9
DA:97,0
DA:98,0
DA:99,0
DA:106,18
DA:110,18
LF:28
LH:17
end_of_record
SF:/Users/gustavo/projects/neto/lib/src/core/ctx_request_body.dart
DA:20,13
DA:29,3
DA:32,1
DA:33,2
DA:34,1
DA:35,1
DA:37,1
DA:38,3
DA:39,1
DA:41,2
DA:42,1
DA:43,1
DA:47,1
DA:48,1
DA:49,1
DA:53,1
DA:54,1
DA:56,1
DA:57,1
DA:58,3
DA:63,1
DA:64,3
DA:65,3
DA:66,1
DA:69,2
DA:70,1
DA:74,1
DA:75,3
DA:77,1
DA:78,1
DA:80,1
DA:83,3
DA:84,2
DA:85,0
DA:88,2
DA:89,1
DA:90,1
DA:93,2
DA:94,1
DA:97,2
DA:99,1
DA:106,1
DA:110,3
DA:111,1
DA:112,3
DA:113,4
DA:116,1
DA:118,0
DA:120,0
DA:121,0
DA:122,0
DA:123,0
DA:130,1
DA:131,1
DA:132,1
DA:133,2
DA:135,1
DA:136,1
DA:138,1
DA:139,1
DA:140,1
DA:141,0
DA:148,1
DA:149,1
DA:150,3
DA:151,1
DA:154,1
DA:155,1
DA:156,2
DA:157,2
DA:158,3
DA:159,1
DA:161,1
DA:162,1
DA:163,0
DA:167,2
DA:168,1
DA:172,1
DA:173,1
DA:174,0
DA:177,2
DA:178,3
DA:179,1
DA:181,1
DA:183,2
DA:184,2
DA:185,2
DA:186,1
DA:187,0
DA:189,1
DA:190,0
DA:192,1
DA:194,1
DA:196,0
DA:199,0
DA:203,2
DA:204,1
DA:214,4
DA:220,2
DA:225,1
DA:226,1
DA:227,1
DA:231,1
DA:235,1
DA:236,1
DA:237,1
DA:243,1
DA:244,1
DA:245,1
DA:249,0
DA:253,0
DA:257,0
DA:258,0
DA:262,0
DA:266,1
DA:269,1
DA:270,1
DA:274,1
DA:278,0
DA:282,0
DA:283,0
DA:292,1
DA:293,1
DA:295,0
DA:299,1
DA:300,1
DA:302,1
DA:303,1
DA:307,1
DA:308,2
DA:310,1
DA:312,1
DA:313,0
DA:315,0
DA:316,0
DA:318,0
DA:319,0
DA:328,1
DA:329,1
DA:330,1
DA:333,1
DA:334,2
DA:335,1
DA:336,1
DA:339,2
DA:343,1
DA:344,2
DA:346,1
DA:347,1
DA:348,3
DA:354,1
DA:356,2
DA:360,1
DA:367,2
DA:370,0
DA:371,0
DA:373,1
DA:377,2
DA:378,0
DA:379,0
DA:380,0
DA:384,2
DA:385,2
DA:386,2
DA:387,3
DA:390,0
DA:397,5
DA:400,3
DA:401,0
DA:403,0
DA:406,3
DA:407,3
DA:409,0
DA:415,1
DA:420,3
DA:426,1
DA:435,1
DA:436,1
DA:437,1
DA:438,3
DA:439,2
DA:440,1
DA:441,1
DA:442,3
DA:443,3
DA:444,4
DA:445,3
DA:447,1
DA:453,1
DA:456,1
DA:465,1
DA:466,2
DA:467,2
LF:193
LH:157
end_of_record
SF:/Users/gustavo/projects/neto/lib/src/core/middleware/head.dart
DA:8,5
DA:9,5
DA:10,5
DA:11,15
DA:12,10
LF:5
LH:5
end_of_record
