SF:/Users/gustavo/projects/neto/lib/src/core/router/utils.dart
DA:2,5
DA:3,7
DA:4,11
DA:8,12
DA:9,12
DA:10,12
DA:14,36
DA:16,15
LF:8
LH:8
end_of_record
SF:/Users/gustavo/projects/neto/lib/src/core/body/body.dart
DA:9,18
DA:36,1
DA:58,3
DA:61,1
DA:62,2
DA:63,1
DA:67,3
DA:72,4
DA:78,3
DA:87,1
DA:88,4
LF:11
LH:11
end_of_record
SF:/Users/gustavo/projects/neto/lib/src/core/ctx.dart
DA:10,24
DA:11,36
DA:12,36
LF:3
LH:3
end_of_record
SF:/Users/gustavo/projects/neto/lib/src/core/ctx_extras.dart
DA:16,5
DA:17,10
DA:25,2
DA:26,4
DA:28,4
DA:30,2
DA:32,1
DA:33,2
DA:38,5
DA:39,10
DA:40,2
DA:43,10
DA:45,1
DA:46,2
DA:48,5
DA:50,0
DA:51,0
DA:56,1
DA:57,2
DA:58,1
DA:61,1
DA:62,1
DA:67,3
DA:70,1
DA:71,2
DA:73,2
DA:75,1
DA:76,0
DA:78,1
DA:80,1
DA:81,2
LF:31
LH:28
end_of_record
SF:/Users/gustavo/projects/neto/lib/src/core/ctx_request.dart
DA:13,13
DA:18,1
DA:19,39
DA:29,2
DA:30,2
DA:33,4
DA:36,9
DA:40,9
DA:45,6
DA:56,30
DA:59,27
DA:62,8
DA:65,10
DA:68,3
DA:71,20
DA:74,2
DA:82,2
DA:83,2
DA:84,1
DA:86,2
DA:87,1
DA:90,2
DA:91,4
DA:92,2
DA:93,1
DA:101,4
DA:102,4
DA:105,4
DA:106,16
DA:107,4
DA:108,12
DA:110,8
DA:111,4
DA:115,4
DA:116,12
DA:117,8
DA:121,2
DA:122,2
DA:125,2
DA:126,6
DA:127,8
DA:129,4
DA:130,2
DA:134,6
DA:138,2
DA:140,4
DA:141,2
DA:145,8
DA:148,8
DA:151,1
DA:153,5
DA:154,1
DA:155,2
DA:159,4
DA:162,4
DA:166,1
DA:167,1
DA:168,2
DA:169,1
DA:170,1
DA:171,1
DA:172,1
DA:173,2
DA:175,2
DA:176,2
DA:177,3
DA:178,1
DA:179,1
DA:180,1
DA:181,2
DA:182,3
DA:183,3
DA:190,1
DA:191,1
DA:192,2
DA:193,2
DA:196,1
DA:199,1
DA:200,1
DA:204,2
DA:205,1
DA:206,1
DA:207,1
DA:208,1
DA:211,1
DA:212,2
DA:214,2
DA:215,3
DA:217,1
DA:219,4
DA:220,1
DA:226,1
DA:231,1
DA:232,1
DA:234,2
DA:235,2
DA:236,2
DA:239,2
DA:240,2
DA:242,12
DA:245,2
DA:246,2
DA:248,12
DA:253,1
DA:254,1
DA:255,1
DA:257,2
DA:258,1
DA:259,1
DA:260,1
DA:261,3
DA:263,3
DA:264,2
DA:265,5
DA:266,3
DA:270,1
DA:271,1
DA:272,1
DA:273,1
DA:274,1
DA:275,2
DA:277,1
DA:285,1
DA:291,1
DA:293,2
DA:295,1
DA:297,1
DA:303,1
LF:128
LH:128
end_of_record
SF:/Users/gustavo/projects/neto/lib/src/core/ctx_response.dart
DA:11,13
DA:18,2
DA:19,2
DA:22,28
DA:25,2
DA:28,4
DA:31,4
DA:34,5
DA:47,3
DA:48,3
DA:49,3
DA:53,1
DA:54,1
DA:55,1
DA:56,1
DA:57,2
DA:61,8
DA:62,8
DA:63,8
DA:64,24
DA:65,16
DA:69,1
DA:70,1
DA:71,1
DA:72,3
DA:73,2
DA:77,3
DA:78,3
DA:79,3
DA:80,6
DA:81,9
DA:85,3
DA:91,3
DA:92,1
DA:95,3
DA:97,3
DA:98,3
DA:100,12
DA:101,12
DA:104,6
DA:106,2
DA:109,3
DA:111,3
DA:114,3
DA:115,6
DA:116,3
DA:117,3
DA:118,3
DA:121,3
DA:130,1
DA:131,1
DA:132,1
DA:133,1
DA:137,2
DA:140,2
DA:143,2
DA:146,6
DA:149,2
DA:152,2
DA:155,4
DA:159,1
DA:160,1
DA:161,2
DA:163,1
DA:166,1
DA:168,1
DA:171,1
DA:172,1
DA:173,1
DA:182,2
DA:185,2
DA:188,2
DA:191,2
DA:194,2
DA:197,2
DA:200,1
DA:201,1
DA:202,1
DA:203,2
DA:205,1
DA:210,4
DA:213,4
DA:217,10
DA:218,10
DA:219,10
DA:221,40
DA:223,37
DA:225,20
DA:227,50
DA:229,10
DA:231,5
DA:235,10
DA:237,24
DA:238,8
DA:239,8
DA:244,4
DA:246,4
DA:250,3
DA:251,3
DA:252,3
DA:256,10
DA:257,10
DA:258,11
DA:259,10
LF:104
LH:104
end_of_record
SF:/Users/gustavo/projects/neto/lib/src/core/hijack_exception.dart
DA:4,17
DA:6,1
LF:2
LH:2
end_of_record
SF:/Users/gustavo/projects/neto/lib/src/core/middleware/logger.dart
DA:24,1
DA:34,1
DA:63,1
DA:68,4
DA:71,6
DA:76,1
DA:77,1
DA:78,2
DA:82,1
DA:83,1
DA:84,1
DA:85,2
DA:86,3
DA:90,2
DA:94,3
DA:102,2
DA:103,1
DA:104,1
DA:109,2
DA:110,2
DA:111,2
DA:116,3
DA:117,2
DA:118,1
DA:119,2
DA:120,1
DA:129,1
DA:137,1
DA:147,2
DA:148,1
DA:192,1
DA:195,3
DA:198,1
DA:199,1
DA:201,3
DA:202,3
DA:203,1
DA:204,2
DA:205,1
DA:207,2
DA:208,1
DA:212,1
DA:214,1
DA:215,2
DA:216,1
DA:217,4
DA:218,1
DA:219,3
DA:220,1
DA:221,3
DA:222,1
DA:223,4
DA:224,1
DA:225,3
DA:226,1
DA:227,3
DA:228,1
DA:229,4
DA:230,1
DA:231,1
DA:232,6
DA:234,1
DA:235,4
DA:236,1
DA:237,1
DA:238,3
DA:240,1
DA:241,4
DA:242,1
DA:243,4
DA:244,1
DA:245,4
DA:246,1
DA:247,3
DA:248,1
DA:249,1
DA:250,3
DA:252,1
DA:253,4
DA:254,1
DA:255,2
DA:256,1
DA:257,1
DA:258,2
DA:259,1
DA:260,4
DA:261,1
DA:262,2
DA:263,1
DA:264,2
DA:265,1
DA:266,2
DA:268,1
DA:269,2
DA:270,4
DA:272,1
DA:273,2
DA:274,4
DA:275,1
DA:276,2
DA:279,1
DA:280,2
DA:281,4
DA:288,1
DA:289,1
DA:290,1
DA:291,3
DA:295,1
DA:296,1
DA:297,1
DA:300,1
DA:301,0
DA:302,0
DA:303,0
DA:304,0
DA:307,1
DA:308,1
DA:312,1
DA:313,1
DA:316,1
DA:320,0
DA:322,0
DA:331,1
DA:332,1
DA:336,1
DA:338,2
DA:339,1
DA:341,2
DA:342,1
DA:345,3
DA:346,3
DA:348,1
DA:352,1
DA:353,2
DA:354,2
DA:362,3
DA:363,1
DA:365,4
DA:367,1
DA:369,4
DA:371,1
DA:373,4
DA:375,1
DA:377,4
DA:379,1
DA:381,4
DA:383,1
DA:385,4
DA:387,1
DA:388,3
DA:389,1
DA:390,1
DA:391,1
DA:392,1
DA:397,1
DA:405,1
DA:406,2
DA:407,2
DA:408,1
DA:411,1
LF:160
LH:154
end_of_record
SF:/Users/gustavo/projects/neto/lib/src/core/middleware_extensions.dart
DA:7,4
DA:8,12
LF:2
LH:2
end_of_record
SF:/Users/gustavo/projects/neto/lib/src/core/router/builder.dart
DA:17,12
DA:25,10
DA:26,11
DA:27,1
DA:28,4
DA:30,0
DA:34,10
DA:40,2
DA:41,4
DA:45,5
DA:46,5
DA:47,5
DA:49,3
DA:54,10
DA:59,10
DA:61,10
DA:64,36
DA:66,40
DA:70,0
DA:73,18
DA:76,2
DA:79,6
DA:82,0
DA:85,0
DA:88,0
DA:91,0
DA:94,0
DA:97,0
DA:100,2
DA:101,2
DA:103,2
DA:105,2
DA:106,1
DA:107,1
DA:111,1
DA:113,1
DA:115,2
DA:116,1
DA:117,1
DA:120,1
DA:124,1
DA:125,2
DA:126,1
DA:130,1
DA:131,1
DA:132,0
DA:135,2
DA:136,1
DA:141,4
DA:142,4
DA:143,4
DA:144,4
DA:145,3
DA:146,3
DA:148,6
DA:149,2
DA:150,4
DA:154,1
DA:157,1
DA:164,2
DA:169,2
DA:170,6
DA:172,4
DA:173,2
DA:175,2
DA:177,2
DA:179,2
DA:183,2
DA:184,2
DA:185,0
DA:186,0
DA:190,4
DA:195,1
DA:196,2
DA:198,1
DA:199,2
DA:202,0
DA:207,4
DA:208,2
DA:210,3
DA:211,1
DA:212,2
DA:214,2
DA:215,2
DA:216,2
DA:217,4
DA:220,6
DA:221,4
DA:223,6
DA:224,2
DA:228,4
DA:229,4
DA:238,6
DA:240,6
DA:241,4
DA:245,4
DA:246,2
DA:248,2
DA:253,2
DA:254,6
DA:257,2
DA:258,6
DA:263,6
DA:266,2
DA:267,4
DA:272,6
DA:277,2
DA:278,2
DA:280,2
DA:284,2
DA:291,2
DA:292,0
DA:293,0
DA:296,0
DA:299,0
DA:301,0
DA:303,2
DA:304,2
DA:309,2
DA:310,0
DA:312,2
DA:313,2
DA:320,2
DA:324,2
DA:328,2
DA:329,0
DA:332,2
DA:337,19
DA:342,2
DA:350,17
LF:130
LH:111
end_of_record
SF:/Users/gustavo/projects/neto/lib/src/core/router/group.dart
DA:8,4
DA:10,1
DA:18,2
DA:20,10
DA:24,1
DA:26,4
DA:27,2
LF:7
LH:7
end_of_record
SF:/Users/gustavo/projects/neto/lib/src/core/router/radix_tree.dart
DA:6,13
DA:13,30
DA:19,10
DA:33,11
DA:34,22
DA:35,22
DA:38,11
DA:39,11
DA:40,11
DA:41,2
DA:43,11
DA:47,11
DA:49,21
DA:50,20
DA:51,11
DA:54,2
DA:55,1
DA:56,2
DA:59,12
DA:64,11
DA:65,22
DA:66,22
DA:70,10
DA:71,20
DA:72,20
DA:76,2
DA:77,4
DA:78,2
DA:80,6
DA:81,2
DA:82,2
DA:89,10
DA:90,10
DA:91,40
DA:94,10
DA:97,56
DA:99,20
DA:100,20
DA:101,20
DA:103,9
DA:104,6
DA:106,9
DA:107,9
DA:108,3
DA:117,2
DA:118,2
DA:119,1
DA:122,2
DA:123,9
DA:125,4
DA:126,5
DA:127,2
DA:137,1
DA:138,1
DA:139,2
DA:142,1
DA:145,1
DA:146,3
DA:149,1
DA:151,1
DA:153,2
DA:154,2
DA:155,2
DA:164,11
DA:165,55
DA:169,1
DA:170,1
DA:172,1
DA:173,3
DA:174,3
DA:175,2
DA:176,2
DA:180,2
DA:181,1
LF:74
LH:74
end_of_record
SF:/Users/gustavo/projects/neto/lib/src/core/router/route_node.dart
DA:12,11
DA:22,1
DA:23,1
DA:25,2
DA:28,3
DA:29,1
DA:30,2
DA:33,3
DA:35,3
DA:38,2
LF:10
LH:10
end_of_record
SF:/Users/gustavo/projects/neto/lib/src/core/router/router.dart
DA:9,36
DA:12,9
DA:13,9
DA:14,36
DA:18,2
DA:19,2
DA:20,4
DA:22,3
DA:23,2
DA:25,4
LF:10
LH:10
end_of_record
SF:/Users/gustavo/projects/neto/lib/src/netto/netto.dart
DA:15,18
DA:24,4
DA:27,2
DA:30,6
DA:33,2
DA:36,3
DA:39,3
DA:42,9
DA:45,0
DA:48,9
DA:51,0
DA:54,3
DA:57,0
DA:60,0
DA:63,0
DA:66,0
DA:69,0
DA:72,0
DA:75,3
DA:78,6
DA:81,1
DA:89,1
DA:90,1
DA:101,9
DA:102,63
DA:105,10
DA:106,2
DA:107,2
DA:108,3
DA:110,1
DA:112,2
DA:116,2
DA:120,8
DA:124,27
DA:126,18
DA:131,9
DA:134,27
DA:139,9
DA:144,9
DA:145,9
DA:148,7
DA:152,4
DA:153,4
DA:157,9
DA:164,16
DA:165,4
DA:172,9
DA:173,9
DA:175,27
DA:176,3
DA:177,1
DA:178,1
DA:181,3
DA:182,3
DA:184,3
DA:187,6
DA:191,3
DA:197,9
DA:199,27
DA:201,3
DA:202,0
DA:208,3
DA:210,12
DA:214,3
DA:215,1
DA:216,2
DA:218,1
DA:223,1
DA:224,2
DA:229,4
DA:230,2
DA:234,0
DA:235,0
DA:236,0
DA:237,0
DA:242,2
DA:246,0
DA:247,0
DA:249,0
DA:250,0
DA:256,3
DA:257,6
DA:261,3
DA:262,6
DA:263,3
DA:268,6
DA:271,3
DA:272,12
LF:88
LH:71
end_of_record
SF:/Users/gustavo/projects/neto/lib/src/server/serve.dart
DA:22,9
DA:32,9
DA:33,0
DA:41,9
DA:46,1
DA:49,2
DA:56,9
DA:57,9
DA:58,9
DA:59,27
DA:61,0
DA:62,0
DA:68,0
DA:69,0
DA:70,0
DA:71,0
DA:80,9
DA:84,18
DA:85,0
DA:87,9
DA:92,9
DA:93,9
DA:96,9
DA:97,0
DA:98,0
DA:99,0
DA:106,18
DA:110,18
LF:28
LH:17
end_of_record
SF:/Users/gustavo/projects/neto/lib/src/core/ctx_request_body.dart
DA:20,13
DA:29,3
DA:32,1
DA:33,2
DA:34,1
DA:35,1
DA:37,1
DA:38,3
DA:39,1
DA:41,2
DA:42,1
DA:43,1
DA:47,1
DA:48,1
DA:49,1
DA:53,1
DA:54,1
DA:56,1
DA:57,1
DA:58,3
DA:63,1
DA:64,3
DA:65,3
DA:66,1
DA:69,2
DA:70,1
DA:74,1
DA:75,3
DA:77,1
DA:78,1
DA:80,1
DA:83,3
DA:84,2
DA:85,0
DA:88,2
DA:89,1
DA:90,1
DA:93,2
DA:94,1
DA:97,2
DA:99,1
DA:106,1
DA:108,3
DA:109,1
DA:110,3
DA:111,4
DA:114,1
DA:116,0
DA:120,1
DA:121,1
DA:122,1
DA:123,2
DA:125,1
DA:126,1
DA:130,1
DA:131,1
DA:132,3
DA:133,1
DA:136,1
DA:137,1
DA:138,2
DA:139,2
DA:140,3
DA:141,1
DA:143,1
DA:144,1
DA:145,0
DA:149,2
DA:150,1
DA:154,1
DA:155,1
DA:156,0
DA:159,5
DA:160,2
DA:162,1
DA:164,2
DA:165,2
DA:166,2
DA:167,1
DA:168,0
DA:170,1
DA:171,0
DA:173,1
DA:175,1
DA:177,0
DA:180,0
DA:184,2
DA:185,1
DA:195,4
DA:201,2
DA:206,1
DA:207,1
DA:208,1
DA:209,2
DA:213,1
DA:217,1
DA:218,1
DA:219,1
DA:225,1
DA:226,1
DA:227,1
DA:231,0
DA:235,0
DA:239,0
DA:240,0
DA:244,0
DA:248,1
DA:251,1
DA:252,1
DA:256,2
DA:260,0
DA:264,0
DA:265,0
DA:274,1
DA:275,1
DA:277,0
DA:281,1
DA:282,1
DA:284,1
DA:285,1
DA:289,1
DA:290,2
DA:292,1
DA:294,1
DA:295,0
DA:297,0
DA:298,0
DA:300,0
DA:301,0
DA:310,1
DA:311,1
DA:312,1
DA:315,1
DA:316,2
DA:317,1
DA:318,1
DA:321,2
DA:325,1
DA:326,2
DA:328,1
DA:329,1
DA:330,3
DA:336,1
DA:338,2
DA:342,1
DA:349,2
DA:352,0
DA:353,0
DA:355,1
DA:359,2
DA:360,0
DA:361,0
DA:362,0
DA:366,2
DA:367,1
DA:368,2
DA:369,3
DA:372,0
DA:379,2
DA:381,2
DA:382,3
DA:384,0
DA:390,1
DA:395,3
DA:401,1
DA:410,1
DA:411,1
DA:412,1
DA:413,3
DA:414,2
DA:415,1
DA:416,1
DA:417,3
DA:418,3
DA:419,4
DA:420,3
DA:422,1
DA:428,1
DA:431,1
DA:440,1
DA:441,2
LF:181
LH:152
end_of_record
SF:/Users/gustavo/projects/neto/lib/src/core/middleware/head.dart
DA:8,3
DA:9,3
DA:10,3
DA:11,9
DA:12,6
LF:5
LH:5
end_of_record
